
Assessing input file: .\csv\Main_cbe_01.csv


=== Processing input file ===
-- Missing datetime interval between 2012-03-11 01:45:00 and 2012-03-11 03:00:00
-- Missing datetime interval between 2013-03-10 01:45:00 and 2013-03-10 03:00:00
-- Missing datetime interval between 2014-03-09 01:45:00 and 2014-03-09 03:00:00
-- Generating training features from datetimes
-- Adding other input data as training features
-- Removing training examples with missing values
-- Using 8 input features
-- 5 are date or time related, the remainder are weather related
-- Using 92066 valid samples (i.e. no missing values)
-- Normalizing training data

=== Training multiple regression models using a randomized
 grid search to identify the best parameters for each regressor
 and evaluating model fit using k-fold cross validation

-- Training dummy regressors
Best score: -0.240843066965

-- Training binned model regressors
Best score: 0.117811756882

-- Training random forest regressors
Feature importances: [  2.99724117e-05   1.51231741e-01   2.22054625e-02   4.69377907e-04
   7.78882334e-03   7.67835965e-01   3.06123431e-02   1.98263144e-02]
Best score: 0.716399930259

-- Training extra trees regressors
Feature importances: [  1.74412942e-04   2.39634659e-01   2.10644118e-02   8.78711342e-04
   1.36071686e-02   6.56884913e-01   3.38213417e-02   3.39343821e-02]
Best score: 0.716493917132

=== Finding best regressor ===
-- Predicting results for training and test set using best regressor

=== Evaluating results ===
-- Best model parameters
ExtraTreesRegressor(bootstrap=False, compute_importances=None,
          criterion='mse', max_depth=9, max_features=7,
          max_leaf_nodes=None, min_density=None, min_samples_leaf=31,
          min_samples_split=45, n_estimators=42, n_jobs=1, oob_score=False,
          random_state=None, verbose=0)

-- Best model evaluation on entire training dataset
 Score: 0.790617855699
 NMBE: 2.75072391875e-15%
 CVRMSE: 9.71527635634%
 Normalized error,min :0.000150945542873%
 Normalized error, 10th percentile :0.730281490098%
 Normalized error, median :4.1260047125%
 Normalized error,mean :6.27059762514%
 Normalized error, 90th percentile :15.1354962613%
 Normalized error,max :80.0320193239%

-- Best model evaluation on prediction (test) data
 Score: 0.288969765446
 NMBE: 3.7053047634%
 CVRMSE: 14.9916198747%
 Normalized error,min :3.95622804871e-05%
 Normalized error, 10th percentile :0.937581925405%
 Normalized error, median :5.64463741158%
 Normalized error,mean :9.35968703931%
 Normalized error, 90th percentile :23.7577896019%
 Normalized error,max :57.1642642564%

Assessing input file: .\csv\Main_cbe_01.csv


=== Processing input file ===
-- Missing datetime interval between 2012-03-11 01:45:00 and 2012-03-11 03:00:00
-- Missing datetime interval between 2013-03-10 01:45:00 and 2013-03-10 03:00:00
-- Missing datetime interval between 2014-03-09 01:45:00 and 2014-03-09 03:00:00
-- Generating training features from datetimes
-- Adding other input data as training features

Assessing input file: .\csv\Main_cbe_01.csv


=== Processing input file ===
-- Missing datetime interval between 2012-03-11 01:45:00 and 2012-03-11 03:00:00
-- Missing datetime interval between 2013-03-10 01:45:00 and 2013-03-10 03:00:00
-- Missing datetime interval between 2014-03-09 01:45:00 and 2014-03-09 03:00:00
-- Generating training features from datetimes
-- Adding other input data as training features

Assessing input file: .\csv\Main_cbe_01.csv


=== Processing input file ===
-- Missing datetime interval between 2012-03-11 01:45:00 and 2012-03-11 03:00:00
-- Missing datetime interval between 2013-03-10 01:45:00 and 2013-03-10 03:00:00
-- Missing datetime interval between 2014-03-09 01:45:00 and 2014-03-09 03:00:00
-- Generating training features from datetimes
-- Adding other input data as training features

Assessing input file: .\csv\Main_cbe_01.csv


=== Processing input file ===
-- Missing datetime interval between 2012-03-11 01:45:00 and 2012-03-11 03:00:00
-- Missing datetime interval between 2013-03-10 01:45:00 and 2013-03-10 03:00:00
-- Missing datetime interval between 2014-03-09 01:45:00 and 2014-03-09 03:00:00
-- Generating training features from datetimes
-- Adding other input data as training features
-- Removing training examples with missing values
